\BOOKMARK [1][-]{section.1}{\376\377\000I\000n\000t\000r\000o\000d\000u\000c\000t\000i\000o\000n}{}% 1
\BOOKMARK [1][-]{section.2}{\376\377\000K\000u\000r\000z\000f\000a\000s\000s\000u\000n\000g}{}% 2
\BOOKMARK [1][-]{section.3}{\376\377\000Z\000i\000e\000l\000g\000r\000u\000p\000p\000e\000/\000P\000r\000o\000b\000l\000e\000m\000s\000t\000e\000l\000l\000u\000n\000g}{}% 3
\BOOKMARK [2][-]{subsection.3.1}{\376\377\000\040\000U\000s\000e\000r\000\040\000S\000t\000o\000r\000i\000e\000s}{section.3}% 4
\BOOKMARK [3][-]{subsubsection.3.1.1}{\376\377\000N\000u\000t\000z\000e\000r\000\040\000\050\000M\000i\000t\000a\000r\000b\000e\000i\000t\000e\000r\000,\000\040\000P\000r\000o\000j\000e\000k\000t\000\040\000M\000a\000n\000a\000g\000e\000r\000,\000\040\000M\000a\000n\000a\000g\000e\000r\000\051\000\040}{subsection.3.1}% 5
\BOOKMARK [3][-]{subsubsection.3.1.2}{\376\377\000\040\000P\000r\000o\000j\000e\000k\000t\000\040\000M\000a\000n\000a\000g\000e\000r}{subsection.3.1}% 6
\BOOKMARK [3][-]{subsubsection.3.1.3}{\376\377\000\040\000M\000a\000n\000a\000g\000e\000r}{subsection.3.1}% 7
\BOOKMARK [2][-]{subsection.3.2}{\376\377\000\040\000F\000u\000n\000c\000t\000i\000o\000n\000a\000l\000\040\000R\000e\000q\000u\000i\000r\000e\000m\000e\000n\000t\000s}{section.3}% 8
\BOOKMARK [3][-]{subsubsection.3.2.1}{\376\377\000P\000r\000o\000j\000e\000k\000t\000a\000n\000l\000a\000g\000e\000\040\000f\000\374\000r\000\040\000M\000a\000n\000a\000g\000e\000r}{subsection.3.2}% 9
\BOOKMARK [3][-]{subsubsection.3.2.2}{\376\377\000P\000r\000o\000j\000e\000k\000t\000m\000a\000n\000a\000g\000e\000m\000n\000t\000-\000B\000e\000f\000u\000g\000n\000i\000s\000s\000e\000\040\000f\000\374\000r\000\040\000M\000a\000n\000a\000g\000e\000r}{subsection.3.2}% 10
\BOOKMARK [3][-]{subsubsection.3.2.3}{\376\377\000T\000\344\000g\000l\000i\000c\000h\000e\000\040\000E\000i\000n\000s\000a\000t\000z\000p\000l\000a\000n\000u\000n\000g\000\040\000f\000\374\000r\000\040\000P\000r\000o\000j\000e\000k\000t\000m\000a\000n\000a\000g\000e\000r}{subsection.3.2}% 11
\BOOKMARK [3][-]{subsubsection.3.2.4}{\376\377\000Z\000e\000i\000t\000a\000u\000f\000z\000e\000i\000c\000h\000u\000n\000g\000\040\000u\000n\000d\000\040\000R\000e\000m\000i\000n\000d\000e\000r\000\040\000f\000\374\000r\000\040\000M\000i\000t\000a\000r\000b\000e\000i\000t\000e\000r}{subsection.3.2}% 12
\BOOKMARK [3][-]{subsubsection.3.2.5}{\376\377\000B\000e\000r\000e\000c\000h\000t\000i\000g\000u\000n\000g\000s\000a\000b\000h\000\344\000n\000g\000i\000g\000e\000\040\000F\000u\000n\000k\000t\000i\000o\000n\000a\000l\000i\000t\000\344\000t\000e\000n}{subsection.3.2}% 13
\BOOKMARK [2][-]{subsection.3.3}{\376\377\000\040\000N\000o\000n\000f\000u\000n\000c\000t\000i\000o\000n\000a\000l\000\040\000R\000e\000q\000u\000i\000r\000e\000m\000e\000n\000t\000s}{section.3}% 14
\BOOKMARK [1][-]{section.4}{\376\377\000H\000i\000g\000h\000\040\000L\000e\000v\000e\000l\000\040\000A\000r\000i\000c\000h\000t\000e\000k\000t\000u\000r\000\040\000P\000r\000o\000g\000r\000a\000m\000m}{}% 15
\BOOKMARK [2][-]{subsection.4.1}{\376\377\000\040\000S\000t\000r\000u\000k\000t\000u\000r\000s\000i\000c\000h\000t}{section.4}% 16
\BOOKMARK [2][-]{subsection.4.2}{\376\377\000\040\000V\000e\000r\000h\000a\000l\000t\000e\000n\000s\000s\000i\000c\000h\000t}{section.4}% 17
\BOOKMARK [2][-]{subsection.4.3}{\376\377\000\040\000V\000e\000r\000t\000e\000i\000l\000u\000n\000g\000s\000s\000i\000c\000h\000t}{section.4}% 18
\BOOKMARK [1][-]{section.5}{\376\377\000A\000r\000c\000h\000i\000t\000e\000k\000t\000u\000r\000/\000\040\000T\000e\000c\000h\000n\000o\000l\000o\000g\000i\000e}{}% 19
\BOOKMARK [2][-]{subsection.5.1}{\376\377\000G\000i\000t\000h\000u\000b}{section.5}% 20
\BOOKMARK [2][-]{subsection.5.2}{\376\377\000G\000e\000n\000u\000t\000z\000t\000e\000\040\000I\000D\000E\000s}{section.5}% 21
\BOOKMARK [2][-]{subsection.5.3}{\376\377\000P\000o\000s\000t\000m\000a\000n}{section.5}% 22
\BOOKMARK [2][-]{subsection.5.4}{\376\377\000F\000i\000g\000m\000a}{section.5}% 23
\BOOKMARK [2][-]{subsection.5.5}{\376\377\000M\000i\000c\000r\000o\000s\000o\000f\000t\000\040\000S\000Q\000L\000\040\000S\000e\000r\000v\000e\000r\000\040\000M\000a\000n\000a\000g\000m\000e\000n\000t\000\040\000S\000t\000u\000d\000i\000o}{section.5}% 24
\BOOKMARK [2][-]{subsection.5.6}{\376\377\000F\000r\000o\000n\000t\000e\000n\000d\000:\000\040\000V\000u\000e\000.\000j\000s}{section.5}% 25
\BOOKMARK [2][-]{subsection.5.7}{\376\377\000D\000a\000t\000e\000n\000b\000a\000n\000k\000:\000\040\000M\000i\000c\000r\000o\000s\000o\000f\000t\000\040\000S\000Q\000L\000\040\000S\000e\000r\000v\000e\000r}{section.5}% 26
\BOOKMARK [2][-]{subsection.5.8}{\376\377\000A\000u\000t\000h\000e\000n\000t\000i\000f\000i\000z\000i\000e\000r\000u\000n\000g\000\040\000S\000A\000P}{section.5}% 27
\BOOKMARK [2][-]{subsection.5.9}{\376\377\000P\000r\000o\000j\000e\000k\000t\000m\000a\000n\000a\000g\000m\000e\000n\000t\000\040\000J\000i\000r\000a}{section.5}% 28
\BOOKMARK [1][-]{section.6}{\376\377\000A\000u\000f\000w\000a\000n\000d\000s\000s\000c\000h\000\344\000t\000z\000u\000n\000g}{}% 29
\BOOKMARK [1][-]{section.7}{\376\377\000M\000o\000c\000k\000u\000p}{}% 30
\BOOKMARK [2][-]{subsection.7.1}{\376\377\000L\000o\000g\000i\000n\000S\000c\000r\000e\000e\000n}{section.7}% 31
\BOOKMARK [2][-]{subsection.7.2}{\376\377\000H\000o\000m\000e\000s\000c\000r\000e\000e\000n}{section.7}% 32
\BOOKMARK [2][-]{subsection.7.3}{\376\377\000N\000e\000w\000\040\000P\000r\000o\000j\000e\000c\000t}{section.7}% 33
\BOOKMARK [2][-]{subsection.7.4}{\376\377\000M\000a\000n\000a\000g\000e\000\040\000P\000r\000o\000j\000e\000c\000t}{section.7}% 34
\BOOKMARK [2][-]{subsection.7.5}{\376\377\000S\000i\000d\000e\000b\000a\000r}{section.7}% 35
\BOOKMARK [2][-]{subsection.7.6}{\376\377\000T\000i\000m\000e\000\040\000R\000e\000g\000i\000s\000t\000r\000a\000t\000i\000o\000n}{section.7}% 36
\BOOKMARK [2][-]{subsection.7.7}{\376\377\000W\000o\000r\000k\000i\000n\000g\000\040\000T\000i\000m\000e\000s\000\040\000/\000\040\000W\000o\000r\000k\000i\000n\000g\000\040\000T\000i\000m\000e\000s\000+}{section.7}% 37
\BOOKMARK [2][-]{subsection.7.8}{\376\377\000T\000i\000m\000e\000\040\000C\000o\000r\000r\000e\000c\000t\000i\000o\000n}{section.7}% 38
\BOOKMARK [2][-]{subsection.7.9}{\376\377\000C\000r\000e\000a\000t\000e\000\040\000N\000e\000w\000\040\000E\000m\000p\000l\000o\000y\000e\000e}{section.7}% 39
\BOOKMARK [1][-]{section.8}{\376\377\000D\000a\000t\000e\000n\000b\000a\000n\000k}{}% 40
\BOOKMARK [2][-]{subsection.8.1}{\376\377\000T\000a\000b\000e\000l\000l\000e\000n}{section.8}% 41
\BOOKMARK [3][-]{subsubsection.8.1.1}{\376\377\000E\000m\000p\000l\000o\000y\000e\000e}{subsection.8.1}% 42
\BOOKMARK [3][-]{subsubsection.8.1.2}{\376\377\000T\000e\000a\000m}{subsection.8.1}% 43
\BOOKMARK [3][-]{subsubsection.8.1.3}{\376\377\000P\000r\000o\000j\000e\000c\000t}{subsection.8.1}% 44
\BOOKMARK [3][-]{subsubsection.8.1.4}{\376\377\000P\000o\000s\000i\000t\000i\000o\000n}{subsection.8.1}% 45
\BOOKMARK [3][-]{subsubsection.8.1.5}{\376\377\000A\000s\000s\000i\000g\000n\000m\000e\000n\000t}{subsection.8.1}% 46
\BOOKMARK [3][-]{subsubsection.8.1.6}{\376\377\000B\000o\000o\000k\000i\000n\000g}{subsection.8.1}% 47
\BOOKMARK [3][-]{subsubsection.8.1.7}{\376\377\000F\000o\000r\000e\000c\000a\000s\000t}{subsection.8.1}% 48
\BOOKMARK [1][-]{section.9}{\376\377\000S\000c\000h\000n\000i\000t\000t\000s\000t\000e\000l\000l\000e\000n\000\040\000D\000e\000f\000i\000n\000i\000t\000i\000o\000n}{}% 49
\BOOKMARK [2][-]{subsection.9.1}{\376\377\000D\000a\000t\000e\000n\000b\000a\000n\000k\000\040\000B\000a\000c\000k\000e\000n\000d}{section.9}% 50
\BOOKMARK [2][-]{subsection.9.2}{\376\377\000B\000a\000c\000k\000e\000n\000d\000\040\000F\000r\000o\000n\000t\000e\000n\000d}{section.9}% 51
\BOOKMARK [1][-]{section.10}{\376\377\000P\000r\000o\000t\000o\000k\000o\000l\000l}{}% 52
\BOOKMARK [2][-]{subsection.10.1}{\376\377\0001\000.\000\040\000W\000o\000c\000h\000e\000,\000\040\000Z\000e\000i\000t\000r\000a\000u\000m\000\040\0000\0002\000.\0001\0000\000.\0002\0000\0002\0003\000-\0000\0008\000.\0001\0000\000.\0002\0000\0002\0003}{section.10}% 53
\BOOKMARK [2][-]{subsection.10.2}{\376\377\0002\000.\000\040\000W\000o\000c\000h\000e\000\040\000Z\000e\000i\000t\000r\000a\000u\000m\000\040\0000\0009\000.\0001\0000\000.\0002\0000\0002\0003\000\040\000-\0002\0002\000.\0001\0000\000.\0002\0000\0002\0003}{section.10}% 54
\BOOKMARK [2][-]{subsection.10.3}{\376\377\0003\000.\000W\000o\000c\000h\000e\000\040\000Z\000e\000i\000t\000r\000a\000u\000m\000\040\0001\0006\000.\0001\0000\000.\0002\0000\0002\0003\000\040\000-\000\040\0002\0002\000.\0001\000.\0002\0000\0002\0003}{section.10}% 55
\BOOKMARK [2][-]{subsection.10.4}{\376\377\0004\000.\000\040\000W\000o\000c\000h\000e\000\040\000Z\000e\000i\000t\000r\000a\000u\000m\000:\000\040\0002\0003\000.\0001\0000\000.\0002\0000\0003\000\040\000-\0002\0009\000.\0001\0000\000.\0002\0000\0002\0003}{section.10}% 56
\BOOKMARK [2][-]{subsection.10.5}{\376\377\0005\000.\000\040\000W\000o\000c\000h\000e\000\040\000Z\000e\000i\000t\000r\000a\000u\000m\000:\000\040\0003\0000\000.\0001\0000\000.\0002\0000\0002\0003\000\040\000-\000\040\0000\0005\000.\0001\0001\000.\0002\0000\0002\0003}{section.10}% 57
\BOOKMARK [2][-]{subsection.10.6}{\376\377\0006\000.\000\040\000W\000o\000c\000h\000e\000\040\000Z\000e\000i\000t\000r\000a\000u\000m\000\040\0000\0006\000.\0001\0001\000.\0002\0000\0002\0003\000-\0001\0002\000.\0001\0001\000.\0002\0000\0002\0003}{section.10}% 58
\BOOKMARK [2][-]{subsection.10.7}{\376\377\0007\000.\000\040\000W\000o\000c\000h\000e\000\040\000Z\000e\000i\000t\000r\000a\000u\000m\000\040\0001\0003\000.\0001\0001\000.\0002\0000\0002\0003\000-\0001\0009\000.\0001\0001\000.\0002\0000\0002\0003}{section.10}% 59
